CRITICAL - 2025-03-31 10:59:49 --> CodeIgniter\View\Exceptions\ViewException: Invalid file: "layouts.php"
[Method: GET, Route: /]
in SYSTEMPATH\Exceptions\FrameworkException.php on line 39.
 1 SYSTEMPATH\View\View.php(212): CodeIgniter\Exceptions\FrameworkException::forInvalidFile('layouts.php')
 2 SYSTEMPATH\Common.php(1173): CodeIgniter\View\View->render('layouts', [], true)
 3 APPPATH\Controllers\PagesController.php(7): view('layouts', [...])
 4 SYSTEMPATH\CodeIgniter.php(933): App\Controllers\PagesController->login()
 5 SYSTEMPATH\CodeIgniter.php(507): CodeIgniter\CodeIgniter->runController(Object(App\Controllers\PagesController))
 6 SYSTEMPATH\CodeIgniter.php(354): CodeIgniter\CodeIgniter->handleRequest(null, Object(Config\Cache), false)
 7 SYSTEMPATH\Boot.php(334): CodeIgniter\CodeIgniter->run()
 8 SYSTEMPATH\Boot.php(67): CodeIgniter\Boot::runCodeIgniter(Object(CodeIgniter\CodeIgniter))
 9 FCPATH\index.php(56): CodeIgniter\Boot::bootWeb(Object(Config\Paths))
CRITICAL - 2025-03-31 10:59:50 --> CodeIgniter\View\Exceptions\ViewException: Invalid file: "layouts.php"
[Method: GET, Route: /]
in SYSTEMPATH\Exceptions\FrameworkException.php on line 39.
 1 SYSTEMPATH\View\View.php(212): CodeIgniter\Exceptions\FrameworkException::forInvalidFile('layouts.php')
 2 SYSTEMPATH\Common.php(1173): CodeIgniter\View\View->render('layouts', [], true)
 3 APPPATH\Controllers\PagesController.php(7): view('layouts', [...])
 4 SYSTEMPATH\CodeIgniter.php(933): App\Controllers\PagesController->login()
 5 SYSTEMPATH\CodeIgniter.php(507): CodeIgniter\CodeIgniter->runController(Object(App\Controllers\PagesController))
 6 SYSTEMPATH\CodeIgniter.php(354): CodeIgniter\CodeIgniter->handleRequest(null, Object(Config\Cache), false)
 7 SYSTEMPATH\Boot.php(334): CodeIgniter\CodeIgniter->run()
 8 SYSTEMPATH\Boot.php(67): CodeIgniter\Boot::runCodeIgniter(Object(CodeIgniter\CodeIgniter))
 9 FCPATH\index.php(56): CodeIgniter\Boot::bootWeb(Object(Config\Paths))
CRITICAL - 2025-03-31 10:59:50 --> CodeIgniter\View\Exceptions\ViewException: Invalid file: "layouts.php"
[Method: GET, Route: /]
in SYSTEMPATH\Exceptions\FrameworkException.php on line 39.
 1 SYSTEMPATH\View\View.php(212): CodeIgniter\Exceptions\FrameworkException::forInvalidFile('layouts.php')
 2 SYSTEMPATH\Common.php(1173): CodeIgniter\View\View->render('layouts', [], true)
 3 APPPATH\Controllers\PagesController.php(7): view('layouts', [...])
 4 SYSTEMPATH\CodeIgniter.php(933): App\Controllers\PagesController->login()
 5 SYSTEMPATH\CodeIgniter.php(507): CodeIgniter\CodeIgniter->runController(Object(App\Controllers\PagesController))
 6 SYSTEMPATH\CodeIgniter.php(354): CodeIgniter\CodeIgniter->handleRequest(null, Object(Config\Cache), false)
 7 SYSTEMPATH\Boot.php(334): CodeIgniter\CodeIgniter->run()
 8 SYSTEMPATH\Boot.php(67): CodeIgniter\Boot::runCodeIgniter(Object(CodeIgniter\CodeIgniter))
 9 FCPATH\index.php(56): CodeIgniter\Boot::bootWeb(Object(Config\Paths))
CRITICAL - 2025-03-31 10:59:51 --> CodeIgniter\View\Exceptions\ViewException: Invalid file: "layouts.php"
[Method: GET, Route: /]
in SYSTEMPATH\Exceptions\FrameworkException.php on line 39.
 1 SYSTEMPATH\View\View.php(212): CodeIgniter\Exceptions\FrameworkException::forInvalidFile('layouts.php')
 2 SYSTEMPATH\Common.php(1173): CodeIgniter\View\View->render('layouts', [], true)
 3 APPPATH\Controllers\PagesController.php(7): view('layouts', [...])
 4 SYSTEMPATH\CodeIgniter.php(933): App\Controllers\PagesController->login()
 5 SYSTEMPATH\CodeIgniter.php(507): CodeIgniter\CodeIgniter->runController(Object(App\Controllers\PagesController))
 6 SYSTEMPATH\CodeIgniter.php(354): CodeIgniter\CodeIgniter->handleRequest(null, Object(Config\Cache), false)
 7 SYSTEMPATH\Boot.php(334): CodeIgniter\CodeIgniter->run()
 8 SYSTEMPATH\Boot.php(67): CodeIgniter\Boot::runCodeIgniter(Object(CodeIgniter\CodeIgniter))
 9 FCPATH\index.php(56): CodeIgniter\Boot::bootWeb(Object(Config\Paths))
CRITICAL - 2025-03-31 10:59:51 --> CodeIgniter\View\Exceptions\ViewException: Invalid file: "layouts.php"
[Method: GET, Route: /]
in SYSTEMPATH\Exceptions\FrameworkException.php on line 39.
 1 SYSTEMPATH\View\View.php(212): CodeIgniter\Exceptions\FrameworkException::forInvalidFile('layouts.php')
 2 SYSTEMPATH\Common.php(1173): CodeIgniter\View\View->render('layouts', [], true)
 3 APPPATH\Controllers\PagesController.php(7): view('layouts', [...])
 4 SYSTEMPATH\CodeIgniter.php(933): App\Controllers\PagesController->login()
 5 SYSTEMPATH\CodeIgniter.php(507): CodeIgniter\CodeIgniter->runController(Object(App\Controllers\PagesController))
 6 SYSTEMPATH\CodeIgniter.php(354): CodeIgniter\CodeIgniter->handleRequest(null, Object(Config\Cache), false)
 7 SYSTEMPATH\Boot.php(334): CodeIgniter\CodeIgniter->run()
 8 SYSTEMPATH\Boot.php(67): CodeIgniter\Boot::runCodeIgniter(Object(CodeIgniter\CodeIgniter))
 9 FCPATH\index.php(56): CodeIgniter\Boot::bootWeb(Object(Config\Paths))
CRITICAL - 2025-03-31 10:59:51 --> CodeIgniter\View\Exceptions\ViewException: Invalid file: "layouts.php"
[Method: GET, Route: /]
in SYSTEMPATH\Exceptions\FrameworkException.php on line 39.
 1 SYSTEMPATH\View\View.php(212): CodeIgniter\Exceptions\FrameworkException::forInvalidFile('layouts.php')
 2 SYSTEMPATH\Common.php(1173): CodeIgniter\View\View->render('layouts', [], true)
 3 APPPATH\Controllers\PagesController.php(7): view('layouts', [...])
 4 SYSTEMPATH\CodeIgniter.php(933): App\Controllers\PagesController->login()
 5 SYSTEMPATH\CodeIgniter.php(507): CodeIgniter\CodeIgniter->runController(Object(App\Controllers\PagesController))
 6 SYSTEMPATH\CodeIgniter.php(354): CodeIgniter\CodeIgniter->handleRequest(null, Object(Config\Cache), false)
 7 SYSTEMPATH\Boot.php(334): CodeIgniter\CodeIgniter->run()
 8 SYSTEMPATH\Boot.php(67): CodeIgniter\Boot::runCodeIgniter(Object(CodeIgniter\CodeIgniter))
 9 FCPATH\index.php(56): CodeIgniter\Boot::bootWeb(Object(Config\Paths))
CRITICAL - 2025-03-31 11:00:02 --> CodeIgniter\View\Exceptions\ViewException: Invalid file: "layouts.php"
[Method: GET, Route: /]
in SYSTEMPATH\Exceptions\FrameworkException.php on line 39.
 1 SYSTEMPATH\View\View.php(212): CodeIgniter\Exceptions\FrameworkException::forInvalidFile('layouts.php')
 2 SYSTEMPATH\Common.php(1173): CodeIgniter\View\View->render('layouts', [], true)
 3 APPPATH\Controllers\PagesController.php(7): view('layouts', [...])
 4 SYSTEMPATH\CodeIgniter.php(933): App\Controllers\PagesController->login()
 5 SYSTEMPATH\CodeIgniter.php(507): CodeIgniter\CodeIgniter->runController(Object(App\Controllers\PagesController))
 6 SYSTEMPATH\CodeIgniter.php(354): CodeIgniter\CodeIgniter->handleRequest(null, Object(Config\Cache), false)
 7 SYSTEMPATH\Boot.php(334): CodeIgniter\CodeIgniter->run()
 8 SYSTEMPATH\Boot.php(67): CodeIgniter\Boot::runCodeIgniter(Object(CodeIgniter\CodeIgniter))
 9 FCPATH\index.php(56): CodeIgniter\Boot::bootWeb(Object(Config\Paths))
CRITICAL - 2025-03-31 11:01:28 --> CodeIgniter\View\Exceptions\ViewException: Invalid file: "layouts/blade.php"
[Method: GET, Route: /]
in SYSTEMPATH\Exceptions\FrameworkException.php on line 39.
 1 SYSTEMPATH\View\View.php(212): CodeIgniter\Exceptions\FrameworkException::forInvalidFile('layouts/blade.php')
 2 SYSTEMPATH\View\View.php(240): CodeIgniter\View\View->render('layouts/blade', [], true)
 3 SYSTEMPATH\Common.php(1173): CodeIgniter\View\View->render('layouts/index', [], true)
 4 APPPATH\Controllers\PagesController.php(7): view('layouts/index', [...])
 5 SYSTEMPATH\CodeIgniter.php(933): App\Controllers\PagesController->login()
 6 SYSTEMPATH\CodeIgniter.php(507): CodeIgniter\CodeIgniter->runController(Object(App\Controllers\PagesController))
 7 SYSTEMPATH\CodeIgniter.php(354): CodeIgniter\CodeIgniter->handleRequest(null, Object(Config\Cache), false)
 8 SYSTEMPATH\Boot.php(334): CodeIgniter\CodeIgniter->run()
 9 SYSTEMPATH\Boot.php(67): CodeIgniter\Boot::runCodeIgniter(Object(CodeIgniter\CodeIgniter))
10 FCPATH\index.php(56): CodeIgniter\Boot::bootWeb(Object(Config\Paths))
CRITICAL - 2025-03-31 11:01:29 --> CodeIgniter\View\Exceptions\ViewException: Invalid file: "layouts/blade.php"
[Method: GET, Route: /]
in SYSTEMPATH\Exceptions\FrameworkException.php on line 39.
 1 SYSTEMPATH\View\View.php(212): CodeIgniter\Exceptions\FrameworkException::forInvalidFile('layouts/blade.php')
 2 SYSTEMPATH\View\View.php(240): CodeIgniter\View\View->render('layouts/blade', [], true)
 3 SYSTEMPATH\Common.php(1173): CodeIgniter\View\View->render('layouts/index', [], true)
 4 APPPATH\Controllers\PagesController.php(7): view('layouts/index', [...])
 5 SYSTEMPATH\CodeIgniter.php(933): App\Controllers\PagesController->login()
 6 SYSTEMPATH\CodeIgniter.php(507): CodeIgniter\CodeIgniter->runController(Object(App\Controllers\PagesController))
 7 SYSTEMPATH\CodeIgniter.php(354): CodeIgniter\CodeIgniter->handleRequest(null, Object(Config\Cache), false)
 8 SYSTEMPATH\Boot.php(334): CodeIgniter\CodeIgniter->run()
 9 SYSTEMPATH\Boot.php(67): CodeIgniter\Boot::runCodeIgniter(Object(CodeIgniter\CodeIgniter))
10 FCPATH\index.php(56): CodeIgniter\Boot::bootWeb(Object(Config\Paths))
CRITICAL - 2025-03-31 11:01:29 --> CodeIgniter\View\Exceptions\ViewException: Invalid file: "layouts/blade.php"
[Method: GET, Route: /]
in SYSTEMPATH\Exceptions\FrameworkException.php on line 39.
 1 SYSTEMPATH\View\View.php(212): CodeIgniter\Exceptions\FrameworkException::forInvalidFile('layouts/blade.php')
 2 SYSTEMPATH\View\View.php(240): CodeIgniter\View\View->render('layouts/blade', [], true)
 3 SYSTEMPATH\Common.php(1173): CodeIgniter\View\View->render('layouts/index', [], true)
 4 APPPATH\Controllers\PagesController.php(7): view('layouts/index', [...])
 5 SYSTEMPATH\CodeIgniter.php(933): App\Controllers\PagesController->login()
 6 SYSTEMPATH\CodeIgniter.php(507): CodeIgniter\CodeIgniter->runController(Object(App\Controllers\PagesController))
 7 SYSTEMPATH\CodeIgniter.php(354): CodeIgniter\CodeIgniter->handleRequest(null, Object(Config\Cache), false)
 8 SYSTEMPATH\Boot.php(334): CodeIgniter\CodeIgniter->run()
 9 SYSTEMPATH\Boot.php(67): CodeIgniter\Boot::runCodeIgniter(Object(CodeIgniter\CodeIgniter))
10 FCPATH\index.php(56): CodeIgniter\Boot::bootWeb(Object(Config\Paths))
CRITICAL - 2025-03-31 11:01:29 --> CodeIgniter\View\Exceptions\ViewException: Invalid file: "layouts/blade.php"
[Method: GET, Route: /]
in SYSTEMPATH\Exceptions\FrameworkException.php on line 39.
 1 SYSTEMPATH\View\View.php(212): CodeIgniter\Exceptions\FrameworkException::forInvalidFile('layouts/blade.php')
 2 SYSTEMPATH\View\View.php(240): CodeIgniter\View\View->render('layouts/blade', [], true)
 3 SYSTEMPATH\Common.php(1173): CodeIgniter\View\View->render('layouts/index', [], true)
 4 APPPATH\Controllers\PagesController.php(7): view('layouts/index', [...])
 5 SYSTEMPATH\CodeIgniter.php(933): App\Controllers\PagesController->login()
 6 SYSTEMPATH\CodeIgniter.php(507): CodeIgniter\CodeIgniter->runController(Object(App\Controllers\PagesController))
 7 SYSTEMPATH\CodeIgniter.php(354): CodeIgniter\CodeIgniter->handleRequest(null, Object(Config\Cache), false)
 8 SYSTEMPATH\Boot.php(334): CodeIgniter\CodeIgniter->run()
 9 SYSTEMPATH\Boot.php(67): CodeIgniter\Boot::runCodeIgniter(Object(CodeIgniter\CodeIgniter))
10 FCPATH\index.php(56): CodeIgniter\Boot::bootWeb(Object(Config\Paths))
CRITICAL - 2025-03-31 11:01:55 --> CodeIgniter\View\Exceptions\ViewException: Invalid file: "layouts/blade.php"
[Method: GET, Route: /]
in SYSTEMPATH\Exceptions\FrameworkException.php on line 39.
 1 SYSTEMPATH\View\View.php(212): CodeIgniter\Exceptions\FrameworkException::forInvalidFile('layouts/blade.php')
 2 SYSTEMPATH\View\View.php(240): CodeIgniter\View\View->render('layouts/blade', [], true)
 3 SYSTEMPATH\Common.php(1173): CodeIgniter\View\View->render('layouts/index', [], true)
 4 APPPATH\Controllers\PagesController.php(7): view('layouts/index', [...])
 5 SYSTEMPATH\CodeIgniter.php(933): App\Controllers\PagesController->login()
 6 SYSTEMPATH\CodeIgniter.php(507): CodeIgniter\CodeIgniter->runController(Object(App\Controllers\PagesController))
 7 SYSTEMPATH\CodeIgniter.php(354): CodeIgniter\CodeIgniter->handleRequest(null, Object(Config\Cache), false)
 8 SYSTEMPATH\Boot.php(334): CodeIgniter\CodeIgniter->run()
 9 SYSTEMPATH\Boot.php(67): CodeIgniter\Boot::runCodeIgniter(Object(CodeIgniter\CodeIgniter))
10 FCPATH\index.php(56): CodeIgniter\Boot::bootWeb(Object(Config\Paths))
CRITICAL - 2025-03-31 11:01:55 --> CodeIgniter\View\Exceptions\ViewException: Invalid file: "layouts/blade.php"
[Method: GET, Route: /]
in SYSTEMPATH\Exceptions\FrameworkException.php on line 39.
 1 SYSTEMPATH\View\View.php(212): CodeIgniter\Exceptions\FrameworkException::forInvalidFile('layouts/blade.php')
 2 SYSTEMPATH\View\View.php(240): CodeIgniter\View\View->render('layouts/blade', [], true)
 3 SYSTEMPATH\Common.php(1173): CodeIgniter\View\View->render('layouts/index', [], true)
 4 APPPATH\Controllers\PagesController.php(7): view('layouts/index', [...])
 5 SYSTEMPATH\CodeIgniter.php(933): App\Controllers\PagesController->login()
 6 SYSTEMPATH\CodeIgniter.php(507): CodeIgniter\CodeIgniter->runController(Object(App\Controllers\PagesController))
 7 SYSTEMPATH\CodeIgniter.php(354): CodeIgniter\CodeIgniter->handleRequest(null, Object(Config\Cache), false)
 8 SYSTEMPATH\Boot.php(334): CodeIgniter\CodeIgniter->run()
 9 SYSTEMPATH\Boot.php(67): CodeIgniter\Boot::runCodeIgniter(Object(CodeIgniter\CodeIgniter))
10 FCPATH\index.php(56): CodeIgniter\Boot::bootWeb(Object(Config\Paths))
CRITICAL - 2025-03-31 11:01:55 --> CodeIgniter\View\Exceptions\ViewException: Invalid file: "layouts/blade.php"
[Method: GET, Route: /]
in SYSTEMPATH\Exceptions\FrameworkException.php on line 39.
 1 SYSTEMPATH\View\View.php(212): CodeIgniter\Exceptions\FrameworkException::forInvalidFile('layouts/blade.php')
 2 SYSTEMPATH\View\View.php(240): CodeIgniter\View\View->render('layouts/blade', [], true)
 3 SYSTEMPATH\Common.php(1173): CodeIgniter\View\View->render('layouts/index', [], true)
 4 APPPATH\Controllers\PagesController.php(7): view('layouts/index', [...])
 5 SYSTEMPATH\CodeIgniter.php(933): App\Controllers\PagesController->login()
 6 SYSTEMPATH\CodeIgniter.php(507): CodeIgniter\CodeIgniter->runController(Object(App\Controllers\PagesController))
 7 SYSTEMPATH\CodeIgniter.php(354): CodeIgniter\CodeIgniter->handleRequest(null, Object(Config\Cache), false)
 8 SYSTEMPATH\Boot.php(334): CodeIgniter\CodeIgniter->run()
 9 SYSTEMPATH\Boot.php(67): CodeIgniter\Boot::runCodeIgniter(Object(CodeIgniter\CodeIgniter))
10 FCPATH\index.php(56): CodeIgniter\Boot::bootWeb(Object(Config\Paths))
CRITICAL - 2025-03-31 11:01:55 --> CodeIgniter\View\Exceptions\ViewException: Invalid file: "layouts/blade.php"
[Method: GET, Route: /]
in SYSTEMPATH\Exceptions\FrameworkException.php on line 39.
 1 SYSTEMPATH\View\View.php(212): CodeIgniter\Exceptions\FrameworkException::forInvalidFile('layouts/blade.php')
 2 SYSTEMPATH\View\View.php(240): CodeIgniter\View\View->render('layouts/blade', [], true)
 3 SYSTEMPATH\Common.php(1173): CodeIgniter\View\View->render('layouts/index', [], true)
 4 APPPATH\Controllers\PagesController.php(7): view('layouts/index', [...])
 5 SYSTEMPATH\CodeIgniter.php(933): App\Controllers\PagesController->login()
 6 SYSTEMPATH\CodeIgniter.php(507): CodeIgniter\CodeIgniter->runController(Object(App\Controllers\PagesController))
 7 SYSTEMPATH\CodeIgniter.php(354): CodeIgniter\CodeIgniter->handleRequest(null, Object(Config\Cache), false)
 8 SYSTEMPATH\Boot.php(334): CodeIgniter\CodeIgniter->run()
 9 SYSTEMPATH\Boot.php(67): CodeIgniter\Boot::runCodeIgniter(Object(CodeIgniter\CodeIgniter))
10 FCPATH\index.php(56): CodeIgniter\Boot::bootWeb(Object(Config\Paths))
CRITICAL - 2025-03-31 11:01:55 --> CodeIgniter\View\Exceptions\ViewException: Invalid file: "layouts/blade.php"
[Method: GET, Route: /]
in SYSTEMPATH\Exceptions\FrameworkException.php on line 39.
 1 SYSTEMPATH\View\View.php(212): CodeIgniter\Exceptions\FrameworkException::forInvalidFile('layouts/blade.php')
 2 SYSTEMPATH\View\View.php(240): CodeIgniter\View\View->render('layouts/blade', [], true)
 3 SYSTEMPATH\Common.php(1173): CodeIgniter\View\View->render('layouts/index', [], true)
 4 APPPATH\Controllers\PagesController.php(7): view('layouts/index', [...])
 5 SYSTEMPATH\CodeIgniter.php(933): App\Controllers\PagesController->login()
 6 SYSTEMPATH\CodeIgniter.php(507): CodeIgniter\CodeIgniter->runController(Object(App\Controllers\PagesController))
 7 SYSTEMPATH\CodeIgniter.php(354): CodeIgniter\CodeIgniter->handleRequest(null, Object(Config\Cache), false)
 8 SYSTEMPATH\Boot.php(334): CodeIgniter\CodeIgniter->run()
 9 SYSTEMPATH\Boot.php(67): CodeIgniter\Boot::runCodeIgniter(Object(CodeIgniter\CodeIgniter))
10 FCPATH\index.php(56): CodeIgniter\Boot::bootWeb(Object(Config\Paths))
CRITICAL - 2025-03-31 11:01:56 --> CodeIgniter\View\Exceptions\ViewException: Invalid file: "layouts/blade.php"
[Method: GET, Route: /]
in SYSTEMPATH\Exceptions\FrameworkException.php on line 39.
 1 SYSTEMPATH\View\View.php(212): CodeIgniter\Exceptions\FrameworkException::forInvalidFile('layouts/blade.php')
 2 SYSTEMPATH\View\View.php(240): CodeIgniter\View\View->render('layouts/blade', [], true)
 3 SYSTEMPATH\Common.php(1173): CodeIgniter\View\View->render('layouts/index', [], true)
 4 APPPATH\Controllers\PagesController.php(7): view('layouts/index', [...])
 5 SYSTEMPATH\CodeIgniter.php(933): App\Controllers\PagesController->login()
 6 SYSTEMPATH\CodeIgniter.php(507): CodeIgniter\CodeIgniter->runController(Object(App\Controllers\PagesController))
 7 SYSTEMPATH\CodeIgniter.php(354): CodeIgniter\CodeIgniter->handleRequest(null, Object(Config\Cache), false)
 8 SYSTEMPATH\Boot.php(334): CodeIgniter\CodeIgniter->run()
 9 SYSTEMPATH\Boot.php(67): CodeIgniter\Boot::runCodeIgniter(Object(CodeIgniter\CodeIgniter))
10 FCPATH\index.php(56): CodeIgniter\Boot::bootWeb(Object(Config\Paths))
CRITICAL - 2025-03-31 11:01:56 --> CodeIgniter\View\Exceptions\ViewException: Invalid file: "layouts/blade.php"
[Method: GET, Route: /]
in SYSTEMPATH\Exceptions\FrameworkException.php on line 39.
 1 SYSTEMPATH\View\View.php(212): CodeIgniter\Exceptions\FrameworkException::forInvalidFile('layouts/blade.php')
 2 SYSTEMPATH\View\View.php(240): CodeIgniter\View\View->render('layouts/blade', [], true)
 3 SYSTEMPATH\Common.php(1173): CodeIgniter\View\View->render('layouts/index', [], true)
 4 APPPATH\Controllers\PagesController.php(7): view('layouts/index', [...])
 5 SYSTEMPATH\CodeIgniter.php(933): App\Controllers\PagesController->login()
 6 SYSTEMPATH\CodeIgniter.php(507): CodeIgniter\CodeIgniter->runController(Object(App\Controllers\PagesController))
 7 SYSTEMPATH\CodeIgniter.php(354): CodeIgniter\CodeIgniter->handleRequest(null, Object(Config\Cache), false)
 8 SYSTEMPATH\Boot.php(334): CodeIgniter\CodeIgniter->run()
 9 SYSTEMPATH\Boot.php(67): CodeIgniter\Boot::runCodeIgniter(Object(CodeIgniter\CodeIgniter))
10 FCPATH\index.php(56): CodeIgniter\Boot::bootWeb(Object(Config\Paths))
